[debug] [2024-03-31T05:14:43.987Z] ----------------------------------------------------------------------
[debug] [2024-03-31T05:14:43.990Z] Command:       C:\Program Files\nodejs\node.exe C:\Users\peter\AppData\Roaming\npm\node_modules\firebase-tools\lib\bin\firebase.js init
[debug] [2024-03-31T05:14:43.991Z] CLI Version:   13.0.3
[debug] [2024-03-31T05:14:43.991Z] Platform:      win32
[debug] [2024-03-31T05:14:43.991Z] Node Version:  v18.14.0
[debug] [2024-03-31T05:14:43.993Z] Time:          Sun Mar 31 2024 00:14:43 GMT-0500 (Eastern Standard Time)
[debug] [2024-03-31T05:14:43.993Z] ----------------------------------------------------------------------
[debug] 
[debug] [2024-03-31T05:14:44.011Z] >>> [apiv2][query] GET https://firebase-public.firebaseio.com/cli.json [none]
[debug] [2024-03-31T05:14:44.081Z] > command requires scopes: ["email","openid","https://www.googleapis.com/auth/cloudplatformprojects.readonly","https://www.googleapis.com/auth/firebase","https://www.googleapis.com/auth/cloud-platform"]
[debug] [2024-03-31T05:14:44.082Z] > authorizing via signed-in user (peterjonlawrence@gmail.com)
[info] 
     ######## #### ########  ######## ########     ###     ######  ########
     ##        ##  ##     ## ##       ##     ##  ##   ##  ##       ##
     ######    ##  ########  ######   ########  #########  ######  ######
     ##        ##  ##    ##  ##       ##     ## ##     ##       ## ##
     ##       #### ##     ## ######## ########  ##     ##  ######  ########

You're about to initialize a Firebase project in this directory:

  C:\Users\peter\Desktop\comp2171\physio-cms

[debug] [2024-03-31T05:14:44.292Z] <<< [apiv2][status] GET https://firebase-public.firebaseio.com/cli.json 200
[debug] [2024-03-31T05:14:44.292Z] <<< [apiv2][body] GET https://firebase-public.firebaseio.com/cli.json {"cloudBuildErrorAfter":1594252800000,"cloudBuildWarnAfter":1590019200000,"defaultNode10After":1594252800000,"minVersion":"3.0.5","node8DeploysDisabledAfter":1613390400000,"node8RuntimeDisabledAfter":1615809600000,"node8WarnAfter":1600128000000}
[info] 
=== Project Setup
[info] 
[info] First, let's associate this project directory with a Firebase project.
[info] You can create multiple project aliases by running firebase use --add, 
[info] but for now we'll just set up a default project.
[info] 
[debug] [2024-03-31T05:15:38.114Z] > refreshing access token with scopes: []
[debug] [2024-03-31T05:15:38.116Z] >>> [apiv2][query] POST https://www.googleapis.com/oauth2/v3/token [none]
[debug] [2024-03-31T05:15:38.116Z] >>> [apiv2][body] POST https://www.googleapis.com/oauth2/v3/token [omitted]
[debug] [2024-03-31T05:15:38.500Z] <<< [apiv2][status] POST https://www.googleapis.com/oauth2/v3/token 200
[debug] [2024-03-31T05:15:38.500Z] <<< [apiv2][body] POST https://www.googleapis.com/oauth2/v3/token [omitted]
[debug] [2024-03-31T05:15:38.526Z] >>> [apiv2][query] GET https://firebase.googleapis.com/v1beta1/projects pageSize=100
[debug] [2024-03-31T05:15:39.257Z] <<< [apiv2][status] GET https://firebase.googleapis.com/v1beta1/projects 200
[debug] [2024-03-31T05:15:39.257Z] <<< [apiv2][body] GET https://firebase.googleapis.com/v1beta1/projects [omitted]
[info] i  Using project physio-cms-backend (physio-cms-backend) 
[info] 
=== Hosting Setup
[debug] [2024-03-31T05:15:47.487Z] >>> [apiv2][query] GET https://firebase.googleapis.com/v1beta1/projects/physio-cms-backend [none]
[debug] [2024-03-31T05:15:47.948Z] <<< [apiv2][status] GET https://firebase.googleapis.com/v1beta1/projects/physio-cms-backend 200
[debug] [2024-03-31T05:15:47.948Z] <<< [apiv2][body] GET https://firebase.googleapis.com/v1beta1/projects/physio-cms-backend {"projectId":"physio-cms-backend","projectNumber":"907508896460","displayName":"physio-cms-backend","name":"projects/physio-cms-backend","resources":{"hostingSite":"physio-cms-backend"},"state":"ACTIVE","etag":"1_3643112b-313f-414a-afec-ca727e84a596"}
[info] 
[info] Your public directory is the folder (relative to your project directory) that
[info] will contain Hosting assets to be uploaded with firebase deploy. If you
[info] have a build process for your assets, use your build's output directory.
[info] 
